c:\users\a20021\desktop\platra_backup06_改\debug\vc141.pdb
c:\users\a20021\desktop\platra_backup06_改\debug\vc141.idb
c:\users\a20021\desktop\platra_backup06_改\debug\map.obj
c:\users\a20021\desktop\platra_backup06_改\debug\main.obj
c:\users\a20021\desktop\platra_backup06_改\debug\gamemain.obj
c:\users\a20021\desktop\platra_backup06_改\debug\fbxmesh.obj
c:\users\a20021\desktop\platra_backup06_改\debug\enemy.obj
c:\users\a20021\desktop\platra_backup06_改\debug\effect.obj
c:\users\a20021\desktop\platra_backup06_改\debug\displace.obj
c:\users\a20021\desktop\platra_backup06_改\debug\direct3d.obj
c:\users\a20021\desktop\platra_backup06_改\debug\dinput.obj
c:\users\a20021\desktop\platra_backup06_改\debug\collision.obj
c:\users\a20021\desktop\platra_backup06_改\debug\camera.obj
c:\users\a20021\desktop\platra_backup06_改\debug\bbox.obj
c:\users\a20021\desktop\platra_backup06_改\debug\baseproc.obj
c:\users\a20021\desktop\platra_backup06_改\debug\backfore.obj
c:\users\a20021\desktop\platra_backup06_改\debug\imgui_widgets.obj
c:\users\a20021\desktop\platra_backup06_改\debug\imgui_impl_win32.obj
c:\users\a20021\desktop\platra_backup06_改\debug\imgui_impl_dx11.obj
c:\users\a20021\desktop\platra_backup06_改\debug\imgui_draw.obj
c:\users\a20021\desktop\platra_backup06_改\debug\imgui_demo.obj
c:\users\a20021\desktop\platra_backup06_改\debug\imgui.obj
c:\users\a20021\desktop\platra_backup06_改\debug\xaudio.obj
c:\users\a20021\desktop\platra_backup06_改\debug\weapon.obj
c:\users\a20021\desktop\platra_backup06_改\debug\title.obj
c:\users\a20021\desktop\platra_backup06_改\debug\sprite3d.obj
c:\users\a20021\desktop\platra_backup06_改\debug\shader.obj
c:\users\a20021\desktop\platra_backup06_改\debug\playchar.obj
c:\users\a20021\desktop\platra_backup06_改\debug\mymath.obj
c:\users\a20021\desktop\platra_backup06_改\debug\myimgui.obj
c:\users\a20021\desktop\platra_backup06_改\debug\fbxnormalstaticmesh_ps.cso
c:\users\a20021\desktop\platra_backup06_改\debug\fbxnormalstaticmesh_vs.cso
c:\users\a20021\desktop\platra_backup06_改\debug\displaceskinmesh_ds.cso
c:\users\a20021\desktop\platra_backup06_改\debug\displaceskinmesh_hs.cso
c:\users\a20021\desktop\platra_backup06_改\debug\displaceskinmesh_ps.cso
c:\users\a20021\desktop\platra_backup06_改\debug\displaceskinmesh_vs.cso
c:\users\a20021\desktop\platra_backup06_改\debug\displacestaticmesh_ds.cso
c:\users\a20021\desktop\platra_backup06_改\debug\displacestaticmesh_hs.cso
c:\users\a20021\desktop\platra_backup06_改\debug\displacestaticmesh_ps.cso
c:\users\a20021\desktop\platra_backup06_改\debug\displacestaticmesh_vs.cso
c:\users\a20021\desktop\platra_backup06_改\debug\displacewave_ds.cso
c:\users\a20021\desktop\platra_backup06_改\debug\displacewave_hs.cso
c:\users\a20021\desktop\platra_backup06_改\debug\displacewave_ps.cso
c:\users\a20021\desktop\platra_backup06_改\debug\displacewave_vs.cso
c:\users\a20021\desktop\platra_backup06_改\debug\effect3d_gs_point.cso
c:\users\a20021\desktop\platra_backup06_改\debug\effect3d_ps.cso
c:\users\a20021\desktop\platra_backup06_改\debug\effect3d_vs_bill.cso
c:\users\a20021\desktop\platra_backup06_改\debug\effect3d_vs_billmesh.cso
c:\users\a20021\desktop\platra_backup06_改\debug\effect3d_vs_point.cso
c:\users\a20021\desktop\platra_backup06_改\debug\fbxskinmesh_ps.cso
c:\users\a20021\desktop\platra_backup06_改\debug\fbxskinmesh_vs.cso
c:\users\a20021\desktop\platra_backup06_改\debug\fbxstaticmesh_ps.cso
c:\users\a20021\desktop\platra_backup06_改\debug\fbxstaticmesh_vs.cso
c:\users\a20021\desktop\platra_backup06_改\debug\simple_ps.cso
c:\users\a20021\desktop\platra_backup06_改\debug\simple_vs.cso
c:\users\a20021\desktop\platra_backup06_改\debug\sprite3d_ps.cso
c:\users\a20021\desktop\platra_backup06_改\debug\sprite3d_vs.cso
c:\users\a20021\desktop\platra_backup06_改\debug\sprite3d_vs_bill.cso
c:\users\a20021\desktop\platra_backup06_改\debug\platra.ilk
c:\users\a20021\desktop\platra_backup06_改\debug\platra.exe
c:\users\a20021\desktop\platra_backup06_改\debug\platra.pdb
c:\users\a20021\desktop\platra_backup06_改\debug\main.res
c:\users\a20021\desktop\platra_backup06_2\debug\backfore.obj
c:\users\a20021\desktop\platra_backup06_2\debug\baseproc.obj
c:\users\a20021\desktop\platra_backup06_2\debug\bbox.obj
c:\users\a20021\desktop\platra_backup06_2\debug\camera.obj
c:\users\a20021\desktop\platra_backup06_2\debug\collision.obj
c:\users\a20021\desktop\platra_backup06_2\debug\dinput.obj
c:\users\a20021\desktop\platra_backup06_2\debug\direct3d.obj
c:\users\a20021\desktop\platra_backup06_2\debug\displace.obj
c:\users\a20021\desktop\platra_backup06_2\debug\effect.obj
c:\users\a20021\desktop\platra_backup06_2\debug\enemy.obj
c:\users\a20021\desktop\platra_backup06_2\debug\fbxmesh.obj
c:\users\a20021\desktop\platra_backup06_2\debug\gamemain.obj
c:\users\a20021\desktop\platra_backup06_2\debug\imgui.obj
c:\users\a20021\desktop\platra_backup06_2\debug\imgui_demo.obj
c:\users\a20021\desktop\platra_backup06_2\debug\imgui_draw.obj
c:\users\a20021\desktop\platra_backup06_2\debug\imgui_impl_dx11.obj
c:\users\a20021\desktop\platra_backup06_2\debug\imgui_impl_win32.obj
c:\users\a20021\desktop\platra_backup06_2\debug\imgui_widgets.obj
c:\users\a20021\desktop\platra_backup06_2\debug\main.obj
c:\users\a20021\desktop\platra_backup06_2\debug\map.obj
c:\users\a20021\desktop\platra_backup06_2\debug\myimgui.obj
c:\users\a20021\desktop\platra_backup06_2\debug\mymath.obj
c:\users\a20021\desktop\platra_backup06_2\debug\playchar.obj
c:\users\a20021\desktop\platra_backup06_2\debug\shader.obj
c:\users\a20021\desktop\platra_backup06_2\debug\sprite3d.obj
c:\users\a20021\desktop\platra_backup06_2\debug\title.obj
c:\users\a20021\desktop\platra_backup06_2\debug\weapon.obj
c:\users\a20021\desktop\platra_backup06_2\debug\xaudio.obj
c:\users\a20021\desktop\platra_backup06_2\debug\platra.ilk
c:\users\a20021\desktop\platra_backup06_2\debug\main.res
c:\users\a20021\desktop\platra_backup06_2\debug\vc141.idb
c:\users\a20021\desktop\platra_backup06_2\debug\platra.pdb
c:\users\a20021\desktop\platra_backup06_2\debug\vc141.pdb
c:\users\a20021\desktop\platra_backup06_2\debug\platra.exe
c:\users\a20021\desktop\platra_backup06_2\debug\platra.tlog\cl.command.1.tlog
c:\users\a20021\desktop\platra_backup06_2\debug\platra.tlog\cl.read.1.tlog
c:\users\a20021\desktop\platra_backup06_2\debug\platra.tlog\cl.write.1.tlog
c:\users\a20021\desktop\platra_backup06_2\debug\platra.tlog\fxc.command.1.tlog
c:\users\a20021\desktop\platra_backup06_2\debug\platra.tlog\fxc.read.1.tlog
c:\users\a20021\desktop\platra_backup06_2\debug\platra.tlog\fxc.write.1.tlog
c:\users\a20021\desktop\platra_backup06_2\debug\platra.tlog\link.command.1.tlog
c:\users\a20021\desktop\platra_backup06_2\debug\platra.tlog\link.read.1.tlog
c:\users\a20021\desktop\platra_backup06_2\debug\platra.tlog\link.write.1.tlog
c:\users\a20021\desktop\platra_backup06_2\debug\platra.tlog\rc.command.1.tlog
c:\users\a20021\desktop\platra_backup06_2\debug\platra.tlog\rc.read.1.tlog
c:\users\a20021\desktop\platra_backup06_2\debug\platra.tlog\rc.write.1.tlog
