  compilation object save succeeded; see C:\Users\A20021\Desktop\fuzz_提出\SugiyamaMayu\Kuriderella\ソースコード\kuriderella\Release\Sprite2D_PS.cso
  compilation object save succeeded; see C:\Users\A20021\Desktop\fuzz_提出\SugiyamaMayu\Kuriderella\ソースコード\kuriderella\Release\Sprite2D_VS.cso
  BackFore.cpp
  BaseProc.cpp
  DInput.cpp
  Direct3D.cpp
  Effect.cpp
  Enemy.cpp
  File.cpp
  GameMain.cpp
  Main.cpp
  Map.cpp
  MyMath.cpp
  Playchar.cpp
  Shader.cpp
  Sprite.cpp
  Title.cpp
  Weapon.cpp
  XAudio.cpp
  コード生成しています。
  All 569 functions were compiled because no usable IPDB/IOBJ from previous compilation was found.
  コード生成が終了しました。
  C2DAct114.vcxproj -> C:\Users\A20021\Desktop\fuzz_提出\SugiyamaMayu\Kuriderella\ソースコード\kuriderella\Release\C2DAct114.exe
