d:\栗デレラ\1.成功コピー\chestnut01 filenotclear03\debug\vc141.pdb
d:\栗デレラ\1.成功コピー\chestnut01 filenotclear03\debug\vc141.idb
d:\栗デレラ\1.成功コピー\chestnut01 filenotclear03\debug\xaudio.obj
d:\栗デレラ\1.成功コピー\chestnut01 filenotclear03\debug\weapon.obj
d:\栗デレラ\1.成功コピー\chestnut01 filenotclear03\debug\title.obj
d:\栗デレラ\1.成功コピー\chestnut01 filenotclear03\debug\sprite.obj
d:\栗デレラ\1.成功コピー\chestnut01 filenotclear03\debug\shader.obj
d:\栗デレラ\1.成功コピー\chestnut01 filenotclear03\debug\playchar.obj
d:\栗デレラ\1.成功コピー\chestnut01 filenotclear03\debug\mymath.obj
d:\栗デレラ\1.成功コピー\chestnut01 filenotclear03\debug\map.obj
d:\栗デレラ\1.成功コピー\chestnut01 filenotclear03\debug\main.obj
d:\栗デレラ\1.成功コピー\chestnut01 filenotclear03\debug\gamemain.obj
d:\栗デレラ\1.成功コピー\chestnut01 filenotclear03\debug\file.obj
d:\栗デレラ\1.成功コピー\chestnut01 filenotclear03\debug\enemy.obj
d:\栗デレラ\1.成功コピー\chestnut01 filenotclear03\debug\effect.obj
d:\栗デレラ\1.成功コピー\chestnut01 filenotclear03\debug\direct3d.obj
d:\栗デレラ\1.成功コピー\chestnut01 filenotclear03\debug\dinput.obj
d:\栗デレラ\1.成功コピー\chestnut01 filenotclear03\debug\baseproc.obj
d:\栗デレラ\1.成功コピー\chestnut01 filenotclear03\debug\backfore.obj
d:\栗デレラ\1.成功コピー\fインターン_栗デレラ\ソースコード\kuriderella\debug\vc141.pdb
d:\栗デレラ\1.成功コピー\fインターン_栗デレラ\ソースコード\kuriderella\debug\vc141.idb
d:\栗デレラ\1.成功コピー\fインターン_栗デレラ\ソースコード\kuriderella\debug\xaudio.obj
d:\栗デレラ\1.成功コピー\fインターン_栗デレラ\ソースコード\kuriderella\debug\weapon.obj
d:\栗デレラ\1.成功コピー\fインターン_栗デレラ\ソースコード\kuriderella\debug\title.obj
d:\栗デレラ\1.成功コピー\fインターン_栗デレラ\ソースコード\kuriderella\debug\sprite.obj
d:\栗デレラ\1.成功コピー\fインターン_栗デレラ\ソースコード\kuriderella\debug\shader.obj
d:\栗デレラ\1.成功コピー\fインターン_栗デレラ\ソースコード\kuriderella\debug\playchar.obj
d:\栗デレラ\1.成功コピー\fインターン_栗デレラ\ソースコード\kuriderella\debug\mymath.obj
d:\栗デレラ\1.成功コピー\fインターン_栗デレラ\ソースコード\kuriderella\debug\map.obj
d:\栗デレラ\1.成功コピー\fインターン_栗デレラ\ソースコード\kuriderella\debug\main.obj
d:\栗デレラ\1.成功コピー\fインターン_栗デレラ\ソースコード\kuriderella\debug\gamemain.obj
d:\栗デレラ\1.成功コピー\fインターン_栗デレラ\ソースコード\kuriderella\debug\file.obj
d:\栗デレラ\1.成功コピー\fインターン_栗デレラ\ソースコード\kuriderella\debug\enemy.obj
d:\栗デレラ\1.成功コピー\fインターン_栗デレラ\ソースコード\kuriderella\debug\effect.obj
d:\栗デレラ\1.成功コピー\fインターン_栗デレラ\ソースコード\kuriderella\debug\direct3d.obj
d:\栗デレラ\1.成功コピー\fインターン_栗デレラ\ソースコード\kuriderella\debug\dinput.obj
d:\栗デレラ\1.成功コピー\fインターン_栗デレラ\ソースコード\kuriderella\debug\baseproc.obj
d:\栗デレラ\1.成功コピー\fインターン_栗デレラ\ソースコード\kuriderella\debug\backfore.obj
c:\users\a20021\desktop\ソースコード\kuriderella\debug\vc141.pdb
c:\users\a20021\desktop\ソースコード\kuriderella\debug\vc141.idb
c:\users\a20021\desktop\ソースコード\kuriderella\debug\xaudio.obj
c:\users\a20021\desktop\ソースコード\kuriderella\debug\weapon.obj
c:\users\a20021\desktop\ソースコード\kuriderella\debug\title.obj
c:\users\a20021\desktop\ソースコード\kuriderella\debug\sprite.obj
c:\users\a20021\desktop\ソースコード\kuriderella\debug\shader.obj
c:\users\a20021\desktop\ソースコード\kuriderella\debug\playchar.obj
c:\users\a20021\desktop\ソースコード\kuriderella\debug\mymath.obj
c:\users\a20021\desktop\ソースコード\kuriderella\debug\map.obj
c:\users\a20021\desktop\ソースコード\kuriderella\debug\main.obj
c:\users\a20021\desktop\ソースコード\kuriderella\debug\gamemain.obj
c:\users\a20021\desktop\ソースコード\kuriderella\debug\file.obj
c:\users\a20021\desktop\ソースコード\kuriderella\debug\enemy.obj
c:\users\a20021\desktop\ソースコード\kuriderella\debug\effect.obj
c:\users\a20021\desktop\ソースコード\kuriderella\debug\direct3d.obj
c:\users\a20021\desktop\ソースコード\kuriderella\debug\dinput.obj
c:\users\a20021\desktop\ソースコード\kuriderella\debug\baseproc.obj
c:\users\a20021\desktop\ソースコード\kuriderella\debug\backfore.obj
c:\users\a20021\desktop\ソースコード 2\kuriderella\debug\vc141.pdb
c:\users\a20021\desktop\ソースコード 2\kuriderella\debug\vc141.idb
c:\users\a20021\desktop\ソースコード 2\kuriderella\debug\xaudio.obj
c:\users\a20021\desktop\ソースコード 2\kuriderella\debug\weapon.obj
c:\users\a20021\desktop\ソースコード 2\kuriderella\debug\title.obj
c:\users\a20021\desktop\ソースコード 2\kuriderella\debug\sprite.obj
c:\users\a20021\desktop\ソースコード 2\kuriderella\debug\shader.obj
c:\users\a20021\desktop\ソースコード 2\kuriderella\debug\playchar.obj
c:\users\a20021\desktop\ソースコード 2\kuriderella\debug\mymath.obj
c:\users\a20021\desktop\ソースコード 2\kuriderella\debug\map.obj
c:\users\a20021\desktop\ソースコード 2\kuriderella\debug\main.obj
c:\users\a20021\desktop\ソースコード 2\kuriderella\debug\gamemain.obj
c:\users\a20021\desktop\ソースコード 2\kuriderella\debug\file.obj
c:\users\a20021\desktop\ソースコード 2\kuriderella\debug\enemy.obj
c:\users\a20021\desktop\ソースコード 2\kuriderella\debug\effect.obj
c:\users\a20021\desktop\ソースコード 2\kuriderella\debug\direct3d.obj
c:\users\a20021\desktop\ソースコード 2\kuriderella\debug\dinput.obj
c:\users\a20021\desktop\ソースコード 2\kuriderella\debug\baseproc.obj
c:\users\a20021\desktop\ソースコード 2\kuriderella\debug\backfore.obj
d:\栗デレラ\1.成功コピー\chestnut01 filenotclear03\debug\sprite2d_ps.cso
d:\栗デレラ\1.成功コピー\chestnut01 filenotclear03\debug\sprite2d_vs.cso
d:\栗デレラ\1.成功コピー\fインターン_栗デレラ\ソースコード\kuriderella\debug\sprite2d_ps.cso
d:\栗デレラ\1.成功コピー\fインターン_栗デレラ\ソースコード\kuriderella\debug\sprite2d_vs.cso
c:\users\a20021\desktop\ソースコード\kuriderella\debug\sprite2d_ps.cso
c:\users\a20021\desktop\ソースコード\kuriderella\debug\sprite2d_vs.cso
c:\users\a20021\desktop\ソースコード 2\kuriderella\debug\sprite2d_ps.cso
c:\users\a20021\desktop\ソースコード 2\kuriderella\debug\sprite2d_vs.cso
d:\栗デレラ\1.成功コピー\chestnut01 filenotclear03\debug\c2dact114.exe
d:\栗デレラ\1.成功コピー\chestnut01 filenotclear03\debug\c2dact114.ilk
d:\栗デレラ\1.成功コピー\chestnut01 filenotclear03\debug\c2dact114.pdb
d:\栗デレラ\1.成功コピー\fインターン_栗デレラ\ソースコード\kuriderella\debug\c2dact114.exe
d:\栗デレラ\1.成功コピー\fインターン_栗デレラ\ソースコード\kuriderella\debug\c2dact114.ilk
d:\栗デレラ\1.成功コピー\fインターン_栗デレラ\ソースコード\kuriderella\debug\c2dact114.pdb
c:\users\a20021\desktop\ソースコード\kuriderella\debug\c2dact114.exe
c:\users\a20021\desktop\ソースコード\kuriderella\debug\c2dact114.ilk
c:\users\a20021\desktop\ソースコード\kuriderella\debug\c2dact114.pdb
c:\users\a20021\desktop\ソースコード 2\kuriderella\debug\c2dact114.exe
c:\users\a20021\desktop\ソースコード 2\kuriderella\debug\c2dact114.ilk
c:\users\a20021\desktop\ソースコード 2\kuriderella\debug\c2dact114.pdb
d:\栗デレラ\1.成功コピー\chestnut01 filenotclear03\debug\main.res
d:\栗デレラ\1.成功コピー\fインターン_栗デレラ\ソースコード\kuriderella\debug\main.res
c:\users\a20021\desktop\ソースコード\kuriderella\debug\main.res
c:\users\a20021\desktop\ソースコード 2\kuriderella\debug\main.res
c:\users\a20021\desktop\ソースコード 2\kuriderella\debug\backfore.obj.enc
c:\users\a20021\desktop\ソースコード 2\kuriderella\debug\playchar.obj.enc
c:\users\a20021\desktop\ソースコード 2\kuriderella\debug\title.obj.enc
c:\users\a20021\desktop\ソースコード 2\kuriderella\debug\weapon.obj.enc
c:\users\a20021\desktop\ソースコード 2\kuriderella\debug\c2dact114.tlog\cl.command.1.tlog
c:\users\a20021\desktop\ソースコード 2\kuriderella\debug\c2dact114.tlog\cl.read.1.tlog
c:\users\a20021\desktop\ソースコード 2\kuriderella\debug\c2dact114.tlog\cl.write.1.tlog
c:\users\a20021\desktop\ソースコード 2\kuriderella\debug\c2dact114.tlog\fxc.command.1.tlog
c:\users\a20021\desktop\ソースコード 2\kuriderella\debug\c2dact114.tlog\fxc.read.1.tlog
c:\users\a20021\desktop\ソースコード 2\kuriderella\debug\c2dact114.tlog\fxc.write.1.tlog
c:\users\a20021\desktop\ソースコード 2\kuriderella\debug\c2dact114.tlog\link.command.1.tlog
c:\users\a20021\desktop\ソースコード 2\kuriderella\debug\c2dact114.tlog\link.read.1.tlog
c:\users\a20021\desktop\ソースコード 2\kuriderella\debug\c2dact114.tlog\link.write.1.tlog
c:\users\a20021\desktop\ソースコード 2\kuriderella\debug\c2dact114.tlog\rc.command.1.tlog
c:\users\a20021\desktop\ソースコード 2\kuriderella\debug\c2dact114.tlog\rc.read.1.tlog
c:\users\a20021\desktop\ソースコード 2\kuriderella\debug\c2dact114.tlog\rc.write.1.tlog
